Case #1: 33.3333333333 66.6666666667
Case #2: 0.0 100.0
Case #3: 25.0 25.0 25.0 25.0
Case #4: 34.6666666667 26.6666666667 38.6666666667
Case #5: 14.2857142857 14.2857142857 14.2857142857 14.2857142857 0.0 14.2857142857 14.2857142857 14.2857142857
Case #6: 50.0 50.0
Case #7: 11.4331723027 10.3979756154 10.8120542903 11.6402116402 11.4331723027 9.98389694042 10.3979756154 0.0 12.0542903152 11.8472509777
Case #8: 10.0 10.0 10.0 10.0 10.0 10.0 10.0 10.0 10.0 10.0
Case #9: 2.27272727273 13.8636363636 14.3181818182 13.8636363636 13.8636363636 14.3181818182 13.8636363636 13.6363636364
Case #10: 10.045100451 13.1816318163 13.1816318163 12.2591225912 12.8126281263 8.56908569086 7.64657646576 10.229602296 12.0746207462
Case #11: 47.2727272727 52.7272727273
Case #12: 0.0 25.0 25.0 25.0 25.0 0.0 0.0
Case #13: 66.6666666667 33.3333333333
Case #14: 9.90990990991 9.72972972973 10.6306306306 9.54954954955 11.7117117117 9.36936936937 9.18918918919 12.0720720721 9.72972972973 8.10810810811
Case #15: 11.1111111111 11.1111111111 11.1111111111 11.1111111111 11.1111111111 11.1111111111 11.1111111111 11.1111111111 11.1111111111 0.0
Case #16: 0.0 19.4899817851 17.8506375228 5.39162112933 10.9653916211 9.98178506375 8.34244080146 19.4899817851 7.68670309654 0.8014571949
Case #17: 86.2068965517 13.7931034483
Case #18: 16.6666666667 16.6666666667 16.6666666667 16.6666666667 16.6666666667 16.6666666667
Case #19: 0.0 100.0
Case #20: 19.9335548173 0.0 0.0 0.0 19.9335548173 0.0 20.2657807309 19.9335548173 19.9335548173
