Case #1: our language is impossible to understand
Case #2: there are twenty six factorial possibilities
Case #3: so it is okay if you want to just give up
Case #4: xoggk d yl wxo vkkvgo ekso uyl wonw sywy
Case #5: xkf yto akj
Case #6: yabba dabba yabba dabba yabba dabba yabba dabba yabba dabba yabba dabba yabba dabba yabba dooooooooo
Case #7: a b c d e f g h i j k l m n o p q r s t u v y w x y z now i know my abcs
Case #8: next time wont you sing with me
Case #9: greetings cheese popsicle the number you have dialed is currently out of porkchops
Case #10: now is the summer of our lack of discontent
Case #11: dr zaius dr zaius dr zaius dr zaius ooooooooooooh dr zaius
Case #12: pneumonoultramicroscopicsilicovolcanoconiosis
Case #13: our code jam is like the pythagorean theorem
Case #14: there is no answer
Case #15: for those who speak in a tongue do not speak to other people
Case #16: nobody understands them since they are speaking mysteries in the spirit
Case #17: right i forgot here in the states you call it a sausage in the mouth
Case #18: translating text is not goros strength
Case #19: strength is goros strength
Case #20: how are you holding up because im a potato
Case #21: an eye for an eye and a pigeon for a pigeon
Case #22: this is so exciting i have to go the bathroom
Case #23: let lips do what hands do
Case #24: my name is dug i have just met you and i looove you
Case #25: oh nooooo goggalor is headed for the orphanage
Case #26: oh my god lets make out
Case #27: you want sell things at me boing zooom
Case #28: oh hai im in ur computer eating your cheezburgers and googleresing your textz
Case #29: in a world of direwolves and lions sometimes the rarest creature is a friend
Case #30: swift as the wind quiet as the forest steady as the mountain
