Case #1:
17297030317 376876333524 654978145418
16887455023 290454868288 741809185948
Case #2:
22206826118 554933186835 977000193789
367734820 659041327828 894731144094
Case #3:
34410412882 512714841380 573114411605
22619650542 191378625146 906241390179
Case #4:
11006639411 208387717052 844341696826
9339323191 248848032123 805548697975
Case #5:
46411864328 138739381465 421598313911
41381274999 206508031893 358860252812
Case #6:
18702252673 306921429144 838598556468
2917145447 516088408040 645216684798
Case #7:
7366683482 530138472185 559164653568
5082632198 289706167217 801881009820
Case #8:
518271745072 799176412032 926270825900
517061029825 730260751286 996397201893
Case #9:
24891633431 182092174552 893272668187
18979850024 314869347471 766407278675
Case #10:
505730857597 515127566517 944808382117
505116266591 696878124118 763672415522
